c:\si\labwork1\serverapp\debug\vc143.pdb
c:\si\labwork1\serverapp\debug\vc143.idb
c:\si\labwork1\serverapp\debug\warehousewebserver.obj
c:\si\labwork1\serverapp\debug\nidaqwebinterface.obj
c:\si\labwork1\serverapp\debug\monitoringmodule.obj
c:\si\labwork1\serverapp\debug\localcontrol.obj
c:\si\labwork1\serverapp\debug\dispatchermodule.obj
c:\si\labwork1\serverapp\debug\main.obj
c:\si\labwork1\serverapp\debug\mongoose.obj
c:\si\labwork1\serverapp\debug\serverengine.pdb
c:\si\labwork1\serverapp\debug\serverengine.tlog\cl.command.1.tlog
c:\si\labwork1\serverapp\debug\serverengine.tlog\cl.read.1.tlog
c:\si\labwork1\serverapp\debug\serverengine.tlog\cl.write.1.tlog
c:\si\labwork1\serverapp\debug\serverengine.tlog\link-cvtres.read.1.tlog
c:\si\labwork1\serverapp\debug\serverengine.tlog\link-cvtres.write.1.tlog
c:\si\labwork1\serverapp\debug\serverengine.tlog\link-rc.read.1.tlog
c:\si\labwork1\serverapp\debug\serverengine.tlog\link-rc.write.1.tlog
c:\si\labwork1\serverapp\debug\serverengine.tlog\link.command.1.tlog
c:\si\labwork1\serverapp\debug\serverengine.tlog\link.read.1.tlog
c:\si\labwork1\serverapp\debug\serverengine.tlog\link.write.1.tlog
